mode: set
so-http10-demo/internal/handlers/basic.go:17.24,30.2 1 1
so-http10-demo/internal/handlers/basic.go:33.26,43.2 3 1
so-http10-demo/internal/handlers/basic.go:46.29,54.2 4 1
so-http10-demo/internal/handlers/basic.go:57.31,59.50 2 1
so-http10-demo/internal/handlers/basic.go:59.50,61.3 1 1
so-http10-demo/internal/handlers/basic.go:62.2,62.25 1 1
so-http10-demo/internal/handlers/basic.go:66.35,73.2 3 1
so-http10-demo/internal/handlers/basic.go:76.41,77.12 1 1
so-http10-demo/internal/handlers/basic.go:77.12,79.3 1 1
so-http10-demo/internal/handlers/basic.go:80.2,80.14 1 1
so-http10-demo/internal/handlers/basic.go:80.14,82.3 1 1
so-http10-demo/internal/handlers/basic.go:83.2,83.15 1 1
so-http10-demo/internal/handlers/basic.go:83.15,85.3 1 1
so-http10-demo/internal/handlers/basic.go:86.2,88.25 3 1
so-http10-demo/internal/handlers/basic.go:88.25,89.17 1 1
so-http10-demo/internal/handlers/basic.go:89.17,91.4 1 1
so-http10-demo/internal/handlers/basic.go:91.9,93.4 1 1
so-http10-demo/internal/handlers/basic.go:95.2,96.18 2 1
so-http10-demo/internal/handlers/basic.go:100.34,101.11 1 1
so-http10-demo/internal/handlers/basic.go:101.11,103.3 1 1
so-http10-demo/internal/handlers/basic.go:104.2,104.12 1 1
so-http10-demo/internal/handlers/basic.go:104.12,106.3 1 1
so-http10-demo/internal/handlers/basic.go:107.2,107.12 1 1
so-http10-demo/internal/handlers/basic.go:107.12,109.3 1 1
so-http10-demo/internal/handlers/basic.go:110.2,111.26 2 1
so-http10-demo/internal/handlers/basic.go:111.26,113.3 1 1
so-http10-demo/internal/handlers/basic.go:114.2,114.31 1 1
so-http10-demo/internal/handlers/files.go:19.58,22.2 2 1
so-http10-demo/internal/handlers/files.go:26.43,27.16 1 1
so-http10-demo/internal/handlers/files.go:27.16,29.3 1 1
so-http10-demo/internal/handlers/files.go:30.2,30.70 1 1
so-http10-demo/internal/handlers/files.go:30.70,32.3 1 1
so-http10-demo/internal/handlers/files.go:33.2,33.19 1 1
so-http10-demo/internal/handlers/files.go:41.50,43.9 2 1
so-http10-demo/internal/handlers/files.go:43.9,45.3 1 1
so-http10-demo/internal/handlers/files.go:46.2,48.14 3 1
so-http10-demo/internal/handlers/files.go:48.14,50.3 1 1
so-http10-demo/internal/handlers/files.go:52.2,52.52 1 1
so-http10-demo/internal/handlers/files.go:52.52,54.3 1 0
so-http10-demo/internal/handlers/files.go:55.2,57.16 3 1
so-http10-demo/internal/handlers/files.go:57.16,59.3 1 1
so-http10-demo/internal/handlers/files.go:60.2,62.27 2 1
so-http10-demo/internal/handlers/files.go:62.27,63.49 1 1
so-http10-demo/internal/handlers/files.go:63.49,65.4 1 1
so-http10-demo/internal/handlers/files.go:67.2,67.29 1 1
so-http10-demo/internal/handlers/files.go:71.50,73.9 2 1
so-http10-demo/internal/handlers/files.go:73.9,75.3 1 1
so-http10-demo/internal/handlers/files.go:76.2,77.40 2 1
so-http10-demo/internal/handlers/files.go:77.40,78.25 1 1
so-http10-demo/internal/handlers/files.go:78.25,80.4 1 1
so-http10-demo/internal/handlers/files.go:81.3,81.55 1 1
so-http10-demo/internal/handlers/files.go:83.2,83.34 1 1
so-http10-demo/internal/http10/parser.go:32.54,35.16 2 1
so-http10-demo/internal/http10/parser.go:35.16,37.3 1 1
so-http10-demo/internal/http10/parser.go:38.2,38.38 1 1
so-http10-demo/internal/http10/parser.go:38.38,40.3 1 1
so-http10-demo/internal/http10/parser.go:41.2,42.21 2 1
so-http10-demo/internal/http10/parser.go:42.21,44.3 1 1
so-http10-demo/internal/http10/parser.go:45.2,46.25 2 1
so-http10-demo/internal/http10/parser.go:46.25,48.3 1 1
so-http10-demo/internal/http10/parser.go:51.2,52.6 2 1
so-http10-demo/internal/http10/parser.go:52.6,54.17 2 1
so-http10-demo/internal/http10/parser.go:54.17,55.21 1 1
so-http10-demo/internal/http10/parser.go:55.21,57.5 1 1
so-http10-demo/internal/http10/parser.go:58.4,58.19 1 0
so-http10-demo/internal/http10/parser.go:60.3,60.18 1 1
so-http10-demo/internal/http10/parser.go:60.18,61.9 1 1
so-http10-demo/internal/http10/parser.go:63.3,63.36 1 1
so-http10-demo/internal/http10/parser.go:63.36,65.4 1 0
so-http10-demo/internal/http10/parser.go:66.3,68.19 3 1
so-http10-demo/internal/http10/parser.go:68.19,70.4 1 1
so-http10-demo/internal/http10/parser.go:71.3,73.15 3 1
so-http10-demo/internal/http10/parser.go:76.2,76.79 1 1
so-http10-demo/internal/http10/query.go:7.56,9.44 2 1
so-http10-demo/internal/http10/query.go:9.44,12.3 2 1
so-http10-demo/internal/http10/query.go:13.2,13.8 1 1
so-http10-demo/internal/http10/query.go:18.45,19.13 1 1
so-http10-demo/internal/http10/query.go:19.13,21.3 1 1
so-http10-demo/internal/http10/query.go:22.2,23.43 2 1
so-http10-demo/internal/http10/query.go:23.43,24.15 1 1
so-http10-demo/internal/http10/query.go:24.15,25.12 1 1
so-http10-demo/internal/http10/query.go:27.3,29.18 3 1
so-http10-demo/internal/http10/query.go:29.18,31.4 1 1
so-http10-demo/internal/http10/query.go:32.3,32.11 1 1
so-http10-demo/internal/http10/query.go:34.2,34.10 1 1
so-http10-demo/internal/http10/response.go:12.95,20.18 2 1
so-http10-demo/internal/http10/response.go:20.18,22.3 1 1
so-http10-demo/internal/http10/response.go:24.2,25.28 2 1
so-http10-demo/internal/http10/response.go:25.28,27.3 1 1
so-http10-demo/internal/http10/response.go:28.2,29.25 2 1
so-http10-demo/internal/http10/response.go:33.81,35.2 1 1
so-http10-demo/internal/http10/response.go:38.80,40.2 1 1
so-http10-demo/internal/http10/response.go:44.92,47.2 2 1
so-http10-demo/internal/http10/response.go:51.34,53.22 2 1
so-http10-demo/internal/http10/response.go:53.22,54.15 1 1
so-http10-demo/internal/http10/response.go:54.15,56.4 1 1
so-http10-demo/internal/http10/response.go:56.9,58.4 1 1
so-http10-demo/internal/http10/response.go:60.2,60.12 1 1
so-http10-demo/internal/http10/response.go:63.34,64.14 1 1
so-http10-demo/internal/http10/response.go:65.11,66.14 1 1
so-http10-demo/internal/http10/response.go:67.11,68.23 1 1
so-http10-demo/internal/http10/response.go:69.11,70.21 1 1
so-http10-demo/internal/http10/response.go:71.11,72.20 1 1
so-http10-demo/internal/http10/response.go:73.11,74.29 1 1
so-http10-demo/internal/http10/response.go:75.11,76.33 1 1
so-http10-demo/internal/http10/response.go:77.11,78.31 1 1
so-http10-demo/internal/http10/response.go:79.10,80.14 1 1
so-http10-demo/internal/resp/resp.go:14.43,14.83 1 1
so-http10-demo/internal/resp/resp.go:15.43,15.82 1 1
so-http10-demo/internal/resp/resp.go:16.43,16.121 1 1
so-http10-demo/internal/resp/resp.go:17.43,17.121 1 1
so-http10-demo/internal/resp/resp.go:18.43,18.121 1 1
so-http10-demo/internal/resp/resp.go:19.43,19.121 1 1
so-http10-demo/internal/resp/resp.go:20.43,20.121 1 1
so-http10-demo/internal/resp/resp.go:21.43,21.121 1 1
so-http10-demo/internal/router/router.go:14.50,18.14 3 1
so-http10-demo/internal/router/router.go:19.11,20.38 1 1
so-http10-demo/internal/router/router.go:21.15,22.43 1 1
so-http10-demo/internal/router/router.go:23.17,24.44 1 1
so-http10-demo/internal/router/router.go:25.20,26.47 1 1
so-http10-demo/internal/router/router.go:27.18,28.51 1 1
so-http10-demo/internal/router/router.go:29.18,30.57 1 1
so-http10-demo/internal/router/router.go:31.15,32.51 1 1
so-http10-demo/internal/router/router.go:33.17,37.55 4 1
so-http10-demo/internal/router/router.go:38.20,40.49 2 1
so-http10-demo/internal/router/router.go:41.21,42.32 1 1
so-http10-demo/internal/router/router.go:43.21,44.32 1 1
so-http10-demo/internal/router/router.go:45.10,46.52 1 1
so-http10-demo/internal/server/server.go:20.29,33.16 5 1
so-http10-demo/internal/server/server.go:33.16,37.3 2 1
so-http10-demo/internal/server/server.go:40.2,41.14 2 1
so-http10-demo/internal/server/server.go:41.14,42.21 1 1
so-http10-demo/internal/server/server.go:42.21,44.4 1 1
so-http10-demo/internal/server/server.go:44.9,46.4 1 1
so-http10-demo/internal/server/server.go:47.8,49.3 1 1
so-http10-demo/internal/util/ids.go:10.24,14.2 3 1
